<?xml version="1.0" encoding="UTF-8"?>
<testsuite xmlns:xsi="http://www.w3.org/2001/XMLSchema-instance" xsi:noNamespaceSchemaLocation="https://maven.apache.org/surefire/maven-surefire-plugin/xsd/surefire-test-report.xsd" version="3.0.2" name="ch.so.agi.ilivalidator.core.validator.IlivalidatorIssueFormatterTest" time="0.026" tests="2" errors="0" skipped="0" failures="0">
  <properties>
[...]
</properties>
  <testcase name="shouldRenderCsv" classname="ch.so.agi.ilivalidator.core.validator.IlivalidatorIssueFormatterTest" time="0.013"/>
  <testcase name="shouldRenderTsv" classname="ch.so.agi.ilivalidator.core.validator.IlivalidatorIssueFormatterTest" time="0.001"/>
</testsuite>