<?xml version="1.0" encoding="UTF-8"?>
<testsuite xmlns:xsi="http://www.w3.org/2001/XMLSchema-instance" xsi:noNamespaceSchemaLocation="https://maven.apache.org/surefire/maven-surefire-plugin/xsd/surefire-test-report.xsd" version="3.0.2" name="ch.so.agi.ilivalidator.hop.transform.IlivalidatorMetaTest" time="0.091" tests="1" errors="0" skipped="0" failures="0">
  <properties>
[...]
</properties>
  <testcase name="shouldAddConfiguredOutputFields" classname="ch.so.agi.ilivalidator.hop.transform.IlivalidatorMetaTest" time="0.079">
    <system-out><![CDATA[Hop configuration file not found, not serializing: /Users/stefan/sources/hop-ilivalidator-plugin/hop-transform-ilivalidator/config/hop-config.json
]]></system-out>
  </testcase>
</testsuite>